[02-Jan-2020 07:35:20 UTC] [2020-01-02 07:35:20]kkl
[02-Jan-2020 10:03:06 UTC] PHP Notice:  Undefined index: keep_login in /var/www/sites/ecsite/app/views/login.php on line 5
[02-Jan-2020 10:03:06 UTC] PHP Notice:  Undefined index: passwd in /var/www/sites/ecsite/app/views/login.php on line 12
[02-Jan-2020 10:03:06 UTC] PHP Notice:  Undefined index: action in /var/www/sites/ecsite/app/views/login.php on line 16
[02-Jan-2020 10:03:06 UTC] PHP Notice:  Undefined variable: message in /var/www/sites/ecsite/app/views/login.php on line 60
[02-Jan-2020 10:03:06 UTC] PHP Notice:  Undefined index: redirect in /var/www/sites/ecsite/app/views/login.php on line 62
[02-Jan-2020 10:03:06 UTC] PHP Notice:  Undefined variable: system_message in /var/www/sites/ecsite/app/views/login.php on line 65
[02-Jan-2020 10:03:32 UTC] PHP Notice:  Undefined index: keep_login in /var/www/sites/ecsite/app/views/login.php on line 5
[02-Jan-2020 10:03:32 UTC] PHP Notice:  Undefined index: passwd in /var/www/sites/ecsite/app/views/login.php on line 12
[02-Jan-2020 10:03:32 UTC] PHP Notice:  Undefined index: action in /var/www/sites/ecsite/app/views/login.php on line 16
[02-Jan-2020 10:03:32 UTC] PHP Notice:  Undefined variable: message in /var/www/sites/ecsite/app/views/login.php on line 60
[02-Jan-2020 10:03:32 UTC] PHP Notice:  Undefined index: redirect in /var/www/sites/ecsite/app/views/login.php on line 62
[02-Jan-2020 10:03:32 UTC] PHP Notice:  Undefined variable: system_message in /var/www/sites/ecsite/app/views/login.php on line 65
[02-Jan-2020 10:03:38 UTC] PHP Notice:  Undefined index: keep_login in /var/www/sites/ecsite/app/views/login.php on line 5
[02-Jan-2020 10:03:38 UTC] PHP Notice:  Undefined index: passwd in /var/www/sites/ecsite/app/views/login.php on line 12
[02-Jan-2020 10:03:38 UTC] PHP Notice:  Undefined index: action in /var/www/sites/ecsite/app/views/login.php on line 16
[02-Jan-2020 10:03:38 UTC] PHP Notice:  Undefined variable: message in /var/www/sites/ecsite/app/views/login.php on line 60
[02-Jan-2020 10:03:38 UTC] PHP Notice:  Undefined index: redirect in /var/www/sites/ecsite/app/views/login.php on line 62
[02-Jan-2020 10:03:38 UTC] PHP Notice:  Undefined variable: system_message in /var/www/sites/ecsite/app/views/login.php on line 65
[02-Jan-2020 10:03:57 UTC] PHP Notice:  Undefined index: keep_login in /var/www/sites/ecsite/app/views/login.php on line 5
[02-Jan-2020 10:03:57 UTC] PHP Notice:  Undefined index: passwd in /var/www/sites/ecsite/app/views/login.php on line 12
[02-Jan-2020 10:03:57 UTC] PHP Notice:  Undefined index: action in /var/www/sites/ecsite/app/views/login.php on line 16
[02-Jan-2020 10:03:57 UTC] PHP Notice:  Undefined variable: message in /var/www/sites/ecsite/app/views/login.php on line 60
[02-Jan-2020 10:03:57 UTC] PHP Notice:  Undefined index: redirect in /var/www/sites/ecsite/app/views/login.php on line 62
[02-Jan-2020 10:03:57 UTC] PHP Notice:  Undefined variable: system_message in /var/www/sites/ecsite/app/views/login.php on line 65
[02-Jan-2020 10:04:04 UTC] PHP Notice:  Undefined index: keep_login in /var/www/sites/ecsite/app/views/login.php on line 5
[02-Jan-2020 10:04:04 UTC] PHP Notice:  Undefined variable: pdo in /var/www/sites/ecsite/app/views/login.php on line 18
[02-Jan-2020 10:04:04 UTC] [2020-01-02 10:04:04]47Call to a member function prepare() on null
[02-Jan-2020 10:04:04 UTC] PHP Notice:  Undefined variable: message in /var/www/sites/ecsite/app/views/login.php on line 60
[02-Jan-2020 10:04:04 UTC] PHP Notice:  Undefined variable: system_message in /var/www/sites/ecsite/app/views/login.php on line 65
[02-Jan-2020 10:04:30 UTC] PHP Notice:  Undefined variable: pdo in /var/www/sites/ecsite/app/views/login.php on line 18
[02-Jan-2020 10:04:30 UTC] [2020-01-02 10:04:30]47Call to a member function prepare() on null
[02-Jan-2020 10:04:30 UTC] PHP Notice:  Undefined variable: message in /var/www/sites/ecsite/app/views/login.php on line 60
[02-Jan-2020 10:04:30 UTC] PHP Notice:  Undefined variable: system_message in /var/www/sites/ecsite/app/views/login.php on line 65
